Loading module for Anaconda
Anaconda 4.4.0 is now loaded
Loading module for GNU compilers
GNU 6.4.0 is now loaded
I0706 22:16:36.366866 47055676223104 build_coordinates.py:76] Partition counts:
I0706 22:16:36.367566 47055676223104 build_coordinates.py:78]  0: 4447151
I0706 22:16:36.367835 47055676223104 build_coordinates.py:78]  5: 90
I0706 22:16:36.368080 47055676223104 build_coordinates.py:78]  6: 3292
I0706 22:16:36.368326 47055676223104 build_coordinates.py:78]  7: 33365
I0706 22:16:36.368620 47055676223104 build_coordinates.py:78]  8: 158150
I0706 22:16:36.368835 47055676223104 build_coordinates.py:78]  9: 413506
I0706 22:16:36.369044 47055676223104 build_coordinates.py:78]  10: 835648
I0706 22:16:36.369297 47055676223104 build_coordinates.py:78]  11: 1788701
I0706 22:16:36.369556 47055676223104 build_coordinates.py:78]  12: 4205051
I0706 22:16:36.369802 47055676223104 build_coordinates.py:78]  13: 80460454
I0706 22:16:36.370058 47055676223104 build_coordinates.py:80] Resampling and shuffling coordinates.
I0706 22:30:42.692036 47055676223104 build_coordinates.py:88] Saving coordinates.
I0707 04:25:21.208544 47379622407808 build_coordinates.py:76] Partition counts:
I0707 04:25:21.209425 47379622407808 build_coordinates.py:78]  0: 608834
I0707 04:25:21.209717 47379622407808 build_coordinates.py:78]  8: 214
I0707 04:25:21.209961 47379622407808 build_coordinates.py:78]  9: 8434
I0707 04:25:21.210205 47379622407808 build_coordinates.py:78]  10: 79008
I0707 04:25:21.210446 47379622407808 build_coordinates.py:78]  11: 411547
I0707 04:25:21.210685 47379622407808 build_coordinates.py:78]  12: 1106826
I0707 04:25:21.210892 47379622407808 build_coordinates.py:78]  13: 90130545
I0707 04:25:21.211150 47379622407808 build_coordinates.py:80] Resampling and shuffling coordinates.
I0707 04:36:15.299788 47379622407808 build_coordinates.py:88] Saving coordinates.
I0707 09:15:45.876689 47486885846656 build_coordinates.py:76] Partition counts:
I0707 09:15:45.877420 47486885846656 build_coordinates.py:78]  0: 189380
I0707 09:15:45.877659 47486885846656 build_coordinates.py:78]  9: 1376
I0707 09:15:45.877916 47486885846656 build_coordinates.py:78]  10: 36920
I0707 09:15:45.878216 47486885846656 build_coordinates.py:78]  11: 126013
I0707 09:15:45.878506 47486885846656 build_coordinates.py:78]  12: 274371
I0707 09:15:45.878806 47486885846656 build_coordinates.py:78]  13: 91717348
I0707 09:15:45.879077 47486885846656 build_coordinates.py:80] Resampling and shuffling coordinates.
I0707 09:24:56.106583 47486885846656 build_coordinates.py:88] Saving coordinates.
I0707 13:30:09.038806 47903660486272 build_coordinates.py:76] Partition counts:
I0707 13:30:09.627992 47903660486272 build_coordinates.py:78]  13: 92345408
I0707 13:30:11.207592 47903660486272 build_coordinates.py:80] Resampling and shuffling coordinates.
I0707 13:32:15.567527 47903660486272 build_coordinates.py:88] Saving coordinates.
I0707 14:14:21.287560 47543530753664 build_coordinates.py:76] Partition counts:
I0707 14:14:21.288419 47543530753664 build_coordinates.py:78]  13: 92345408
I0707 14:14:21.288703 47543530753664 build_coordinates.py:80] Resampling and shuffling coordinates.
I0707 14:16:26.621951 47543530753664 build_coordinates.py:88] Saving coordinates.
I0707 14:59:06.208519 47349532065408 build_coordinates.py:76] Partition counts:
I0707 14:59:07.190941 47349532065408 build_coordinates.py:78]  13: 92345408
I0707 14:59:07.337214 47349532065408 build_coordinates.py:80] Resampling and shuffling coordinates.
I0707 15:01:12.505340 47349532065408 build_coordinates.py:88] Saving coordinates.
I0707 15:43:55.387441 47443203972736 build_coordinates.py:76] Partition counts:
I0707 15:43:55.470262 47443203972736 build_coordinates.py:78]  13: 92345408
I0707 15:43:55.470586 47443203972736 build_coordinates.py:80] Resampling and shuffling coordinates.
I0707 15:46:04.027459 47443203972736 build_coordinates.py:88] Saving coordinates.
I0707 16:28:30.678931 46923205500544 build_coordinates.py:76] Partition counts:
I0707 16:28:30.679887 46923205500544 build_coordinates.py:78]  0: 36669
I0707 16:28:30.680170 46923205500544 build_coordinates.py:78]  11: 4330
I0707 16:28:30.680512 46923205500544 build_coordinates.py:78]  12: 77102
I0707 16:28:30.680854 46923205500544 build_coordinates.py:78]  13: 92227307
I0707 16:28:30.681123 46923205500544 build_coordinates.py:80] Resampling and shuffling coordinates.
I0707 16:35:06.362468 46923205500544 build_coordinates.py:88] Saving coordinates.
I0707 19:24:50.679220 47957545115264 build_coordinates.py:76] Partition counts:
I0707 19:24:50.701788 47957545115264 build_coordinates.py:78]  0: 3129300
I0707 19:24:50.702146 47957545115264 build_coordinates.py:78]  4: 11
I0707 19:24:50.702436 47957545115264 build_coordinates.py:78]  5: 567
I0707 19:24:50.702651 47957545115264 build_coordinates.py:78]  6: 2176
I0707 19:24:50.702863 47957545115264 build_coordinates.py:78]  7: 7917
I0707 19:24:50.703059 47957545115264 build_coordinates.py:78]  8: 44266
I0707 19:24:50.703258 47957545115264 build_coordinates.py:78]  9: 206847
I0707 19:24:50.703454 47957545115264 build_coordinates.py:78]  10: 674947
I0707 19:24:50.703716 47957545115264 build_coordinates.py:78]  11: 1738948
I0707 19:24:50.703903 47957545115264 build_coordinates.py:78]  12: 4371550
I0707 19:24:50.704097 47957545115264 build_coordinates.py:78]  13: 82168879
I0707 19:24:50.704361 47957545115264 build_coordinates.py:80] Resampling and shuffling coordinates.
I0707 19:47:15.202704 47957545115264 build_coordinates.py:88] Saving coordinates.
I0708 02:10:28.059159 47717784776320 build_coordinates.py:76] Partition counts:
I0708 02:10:28.063271 47717784776320 build_coordinates.py:78]  0: 3676270
I0708 02:10:28.065581 47717784776320 build_coordinates.py:78]  3: 134
I0708 02:10:28.066083 47717784776320 build_coordinates.py:78]  4: 264
I0708 02:10:28.066499 47717784776320 build_coordinates.py:78]  5: 2156
I0708 02:10:28.167596 47717784776320 build_coordinates.py:78]  6: 5138
I0708 02:10:28.274297 47717784776320 build_coordinates.py:78]  7: 16067
I0708 02:10:28.278935 47717784776320 build_coordinates.py:78]  8: 84806
I0708 02:10:28.280706 47717784776320 build_coordinates.py:78]  9: 265906
I0708 02:10:28.282179 47717784776320 build_coordinates.py:78]  10: 592901
I0708 02:10:28.282661 47717784776320 build_coordinates.py:78]  11: 1719368
I0708 02:10:28.282994 47717784776320 build_coordinates.py:78]  12: 4911437
I0708 02:10:28.283424 47717784776320 build_coordinates.py:78]  13: 81070961
I0708 02:10:28.283686 47717784776320 build_coordinates.py:80] Resampling and shuffling coordinates.
I0708 02:24:11.563811 47717784776320 build_coordinates.py:88] Saving coordinates.
I0708 09:24:10.720431 47949591666304 build_coordinates.py:76] Partition counts:
I0708 09:24:10.721130 47949591666304 build_coordinates.py:78]  0: 1395512
I0708 09:24:10.721340 47949591666304 build_coordinates.py:78]  8: 378
I0708 09:24:10.721665 47949591666304 build_coordinates.py:78]  9: 40891
I0708 09:24:10.722048 47949591666304 build_coordinates.py:78]  10: 256156
I0708 09:24:10.722288 47949591666304 build_coordinates.py:78]  11: 834477
I0708 09:24:10.722569 47949591666304 build_coordinates.py:78]  12: 2332891
I0708 09:24:10.722828 47949591666304 build_coordinates.py:78]  13: 87485103
I0708 09:24:10.723052 47949591666304 build_coordinates.py:80] Resampling and shuffling coordinates.
I0708 09:33:04.146877 47949591666304 build_coordinates.py:88] Saving coordinates.
I0708 14:04:59.820471 47693211799168 build_coordinates.py:76] Partition counts:
I0708 14:04:59.827070 47693211799168 build_coordinates.py:78]  0: 409585
I0708 14:04:59.827393 47693211799168 build_coordinates.py:78]  9: 2150
I0708 14:04:59.827608 47693211799168 build_coordinates.py:78]  10: 67248
I0708 14:04:59.827846 47693211799168 build_coordinates.py:78]  11: 361081
I0708 14:04:59.828043 47693211799168 build_coordinates.py:78]  12: 730932
I0708 14:04:59.828327 47693211799168 build_coordinates.py:78]  13: 90774412
I0708 14:04:59.828593 47693211799168 build_coordinates.py:80] Resampling and shuffling coordinates.
I0708 14:13:05.019332 47693211799168 build_coordinates.py:88] Saving coordinates.
I0708 18:23:15.490117 47229712846464 build_coordinates.py:76] Partition counts:
I0708 18:23:16.417746 47229712846464 build_coordinates.py:78]  0: 835670
I0708 18:23:16.418185 47229712846464 build_coordinates.py:78]  7: 21
I0708 18:23:16.418615 47229712846464 build_coordinates.py:78]  8: 4920
I0708 18:23:16.419044 47229712846464 build_coordinates.py:78]  9: 96253
I0708 18:23:16.419416 47229712846464 build_coordinates.py:78]  10: 238805
I0708 18:23:16.419829 47229712846464 build_coordinates.py:78]  11: 393558
I0708 18:23:16.420150 47229712846464 build_coordinates.py:78]  12: 667384
I0708 18:23:16.420520 47229712846464 build_coordinates.py:78]  13: 90108797
I0708 18:23:16.420835 47229712846464 build_coordinates.py:80] Resampling and shuffling coordinates.
I0708 18:33:47.873005 47229712846464 build_coordinates.py:88] Saving coordinates.
I0708 23:53:34.633499 47750986808960 build_coordinates.py:76] Partition counts:
I0708 23:53:36.204041 47750986808960 build_coordinates.py:78]  0: 854
I0708 23:53:36.205672 47750986808960 build_coordinates.py:78]  13: 92344554
I0708 23:53:36.206319 47750986808960 build_coordinates.py:80] Resampling and shuffling coordinates.
I0708 23:56:38.809900 47750986808960 build_coordinates.py:88] Saving coordinates.
I0709 01:17:36.813209 47744359706240 build_coordinates.py:76] Partition counts:
I0709 01:17:36.813860 47744359706240 build_coordinates.py:78]  13: 92345408
I0709 01:17:36.814100 47744359706240 build_coordinates.py:80] Resampling and shuffling coordinates.
I0709 01:19:28.272428 47744359706240 build_coordinates.py:88] Saving coordinates.
I0709 02:02:20.907140 47150489575040 build_coordinates.py:76] Partition counts:
I0709 02:02:20.907979 47150489575040 build_coordinates.py:78]  0: 3426577
I0709 02:02:20.908343 47150489575040 build_coordinates.py:78]  5: 8
I0709 02:02:20.908650 47150489575040 build_coordinates.py:78]  6: 1392
I0709 02:02:20.908937 47150489575040 build_coordinates.py:78]  7: 21892
I0709 02:02:20.909205 47150489575040 build_coordinates.py:78]  8: 87379
I0709 02:02:20.909426 47150489575040 build_coordinates.py:78]  9: 314398
I0709 02:02:20.909625 47150489575040 build_coordinates.py:78]  10: 849148
I0709 02:02:20.909801 47150489575040 build_coordinates.py:78]  11: 1795975
I0709 02:02:20.909983 47150489575040 build_coordinates.py:78]  12: 3504709
I0709 02:02:20.910173 47150489575040 build_coordinates.py:78]  13: 82343930
I0709 02:02:20.910350 47150489575040 build_coordinates.py:80] Resampling and shuffling coordinates.
I0709 02:14:09.664502 47150489575040 build_coordinates.py:88] Saving coordinates.
I0709 08:04:46.615024 47922970848896 build_coordinates.py:76] Partition counts:
I0709 08:04:46.615589 47922970848896 build_coordinates.py:78]  0: 2952564
I0709 08:04:46.615795 47922970848896 build_coordinates.py:78]  5: 2476
I0709 08:04:46.616038 47922970848896 build_coordinates.py:78]  6: 8076
I0709 08:04:46.616228 47922970848896 build_coordinates.py:78]  7: 16503
I0709 08:04:46.616417 47922970848896 build_coordinates.py:78]  8: 85899
I0709 08:04:46.616585 47922970848896 build_coordinates.py:78]  9: 275439
I0709 08:04:46.616762 47922970848896 build_coordinates.py:78]  10: 579490
I0709 08:04:46.616930 47922970848896 build_coordinates.py:78]  11: 1191192
I0709 08:04:46.617163 47922970848896 build_coordinates.py:78]  12: 3681034
I0709 08:04:46.617335 47922970848896 build_coordinates.py:78]  13: 83552735
I0709 08:04:46.617515 47922970848896 build_coordinates.py:80] Resampling and shuffling coordinates.
I0709 08:16:43.716005 47922970848896 build_coordinates.py:88] Saving coordinates.
I0709 14:11:09.073616 47645751307904 build_coordinates.py:76] Partition counts:
I0709 14:11:09.074227 47645751307904 build_coordinates.py:78]  0: 11574775
I0709 14:11:09.074502 47645751307904 build_coordinates.py:78]  1: 1449
I0709 14:11:09.074691 47645751307904 build_coordinates.py:78]  2: 5827
I0709 14:11:09.074957 47645751307904 build_coordinates.py:78]  3: 4044
I0709 14:11:09.075124 47645751307904 build_coordinates.py:78]  4: 2963
I0709 14:11:09.075375 47645751307904 build_coordinates.py:78]  5: 10987
I0709 14:11:09.075593 47645751307904 build_coordinates.py:78]  6: 26686
I0709 14:11:09.075795 47645751307904 build_coordinates.py:78]  7: 76769
I0709 14:11:09.076021 47645751307904 build_coordinates.py:78]  8: 285544
I0709 14:11:09.076269 47645751307904 build_coordinates.py:78]  9: 1048746
I0709 14:11:09.076465 47645751307904 build_coordinates.py:78]  10: 2597195
I0709 14:11:09.076673 47645751307904 build_coordinates.py:78]  11: 4578369
I0709 14:11:09.076842 47645751307904 build_coordinates.py:78]  12: 8751522
I0709 14:11:09.077049 47645751307904 build_coordinates.py:78]  13: 63380532
I0709 14:11:09.077209 47645751307904 build_coordinates.py:80] Resampling and shuffling coordinates.
I0709 14:23:53.018608 47645751307904 build_coordinates.py:88] Saving coordinates.
I0709 20:42:59.445139 46943066238592 build_coordinates.py:76] Partition counts:
I0709 20:42:59.498738 46943066238592 build_coordinates.py:78]  0: 1709741
I0709 20:42:59.499002 46943066238592 build_coordinates.py:78]  7: 79
I0709 20:42:59.499469 46943066238592 build_coordinates.py:78]  8: 7234
I0709 20:42:59.499940 46943066238592 build_coordinates.py:78]  9: 111837
I0709 20:42:59.500315 46943066238592 build_coordinates.py:78]  10: 392446
I0709 20:42:59.500658 46943066238592 build_coordinates.py:78]  11: 846918
I0709 20:42:59.500993 46943066238592 build_coordinates.py:78]  12: 2231047
I0709 20:42:59.501322 46943066238592 build_coordinates.py:78]  13: 87046106
I0709 20:42:59.501581 46943066238592 build_coordinates.py:80] Resampling and shuffling coordinates.
I0709 20:53:13.587102 46943066238592 build_coordinates.py:88] Saving coordinates.
I0710 02:02:21.161593 47362398609024 build_coordinates.py:76] Partition counts:
I0710 02:02:21.482771 47362398609024 build_coordinates.py:78]  0: 619689
I0710 02:02:21.483704 47362398609024 build_coordinates.py:78]  8: 429
I0710 02:02:21.485184 47362398609024 build_coordinates.py:78]  9: 17092
I0710 02:02:21.486488 47362398609024 build_coordinates.py:78]  10: 137987
I0710 02:02:21.487600 47362398609024 build_coordinates.py:78]  11: 470123
I0710 02:02:21.488605 47362398609024 build_coordinates.py:78]  12: 884459
I0710 02:02:21.489571 47362398609024 build_coordinates.py:78]  13: 90215629
I0710 02:02:21.490326 47362398609024 build_coordinates.py:80] Resampling and shuffling coordinates.
I0710 02:11:35.197319 47362398609024 build_coordinates.py:88] Saving coordinates.
I0710 06:39:01.531110 47853970824832 build_coordinates.py:76] Partition counts:
I0710 06:39:01.536671 47853970824832 build_coordinates.py:78]  0: 2128363
I0710 06:39:01.536967 47853970824832 build_coordinates.py:78]  6: 266
I0710 06:39:01.537143 47853970824832 build_coordinates.py:78]  7: 2801
I0710 06:39:01.537297 47853970824832 build_coordinates.py:78]  8: 27344
I0710 06:39:01.537483 47853970824832 build_coordinates.py:78]  9: 195958
I0710 06:39:01.537660 47853970824832 build_coordinates.py:78]  10: 542794
I0710 06:39:01.537878 47853970824832 build_coordinates.py:78]  11: 1070763
I0710 06:39:01.538134 47853970824832 build_coordinates.py:78]  12: 1778677
I0710 06:39:01.538298 47853970824832 build_coordinates.py:78]  13: 86598442
I0710 06:39:01.538461 47853970824832 build_coordinates.py:80] Resampling and shuffling coordinates.
I0710 06:50:29.866446 47853970824832 build_coordinates.py:88] Saving coordinates.
I0710 12:26:29.942347 46939333262976 build_coordinates.py:76] Partition counts:
I0710 12:26:29.963377 46939333262976 build_coordinates.py:78]  0: 123144
I0710 12:26:30.373562 46939333262976 build_coordinates.py:78]  8: 689
I0710 12:26:30.374641 46939333262976 build_coordinates.py:78]  9: 6519
I0710 12:26:30.375097 46939333262976 build_coordinates.py:78]  10: 21803
I0710 12:26:30.375445 46939333262976 build_coordinates.py:78]  11: 49541
I0710 12:26:30.375742 46939333262976 build_coordinates.py:78]  12: 157224
I0710 12:26:30.376065 46939333262976 build_coordinates.py:78]  13: 91986488
I0710 12:26:30.376353 46939333262976 build_coordinates.py:80] Resampling and shuffling coordinates.
I0710 12:35:50.637697 46939333262976 build_coordinates.py:88] Saving coordinates.
I0710 17:14:25.327570 47357133889152 build_coordinates.py:76] Partition counts:
I0710 17:14:25.351649 47357133889152 build_coordinates.py:78]  0: 16309
I0710 17:14:25.352132 47357133889152 build_coordinates.py:78]  12: 32489
I0710 17:14:25.352553 47357133889152 build_coordinates.py:78]  13: 92296610
I0710 17:14:25.352881 47357133889152 build_coordinates.py:80] Resampling and shuffling coordinates.
I0710 17:18:43.502415 47357133889152 build_coordinates.py:88] Saving coordinates.
I0710 19:19:11.345903 47016826715776 build_coordinates.py:76] Partition counts:
I0710 19:19:11.346507 47016826715776 build_coordinates.py:78]  0: 3363739
I0710 19:19:11.347007 47016826715776 build_coordinates.py:78]  6: 1741
I0710 19:19:11.347245 47016826715776 build_coordinates.py:78]  7: 16742
I0710 19:19:11.347490 47016826715776 build_coordinates.py:78]  8: 88062
I0710 19:19:11.347695 47016826715776 build_coordinates.py:78]  9: 325333
I0710 19:19:11.347871 47016826715776 build_coordinates.py:78]  10: 862735
I0710 19:19:11.348130 47016826715776 build_coordinates.py:78]  11: 1887252
I0710 19:19:11.348333 47016826715776 build_coordinates.py:78]  12: 4088773
I0710 19:19:11.348487 47016826715776 build_coordinates.py:78]  13: 81711031
I0710 19:19:11.348663 47016826715776 build_coordinates.py:80] Resampling and shuffling coordinates.
I0710 19:29:47.500615 47016826715776 build_coordinates.py:88] Saving coordinates.
I0711 00:52:26.590652 47681453985408 build_coordinates.py:76] Partition counts:
I0711 00:52:26.614071 47681453985408 build_coordinates.py:78]  0: 9128028
I0711 00:52:26.614329 47681453985408 build_coordinates.py:78]  2: 6
I0711 00:52:26.614534 47681453985408 build_coordinates.py:78]  3: 25
I0711 00:52:26.614809 47681453985408 build_coordinates.py:78]  4: 26
I0711 00:52:26.615008 47681453985408 build_coordinates.py:78]  5: 1065
I0711 00:52:26.615180 47681453985408 build_coordinates.py:78]  6: 9592
I0711 00:52:26.615364 47681453985408 build_coordinates.py:78]  7: 55298
I0711 00:52:26.615560 47681453985408 build_coordinates.py:78]  8: 208916
I0711 00:52:26.615746 47681453985408 build_coordinates.py:78]  9: 673984
I0711 00:52:26.616057 47681453985408 build_coordinates.py:78]  10: 1596008
I0711 00:52:26.616225 47681453985408 build_coordinates.py:78]  11: 3551995
I0711 00:52:26.616400 47681453985408 build_coordinates.py:78]  12: 8119676
I0711 00:52:26.616563 47681453985408 build_coordinates.py:78]  13: 69000789
I0711 00:52:26.616748 47681453985408 build_coordinates.py:80] Resampling and shuffling coordinates.
I0711 01:05:19.818690 47681453985408 build_coordinates.py:88] Saving coordinates.
I0711 07:30:47.689747 46951005798016 build_coordinates.py:76] Partition counts:
I0711 07:30:47.706251 46951005798016 build_coordinates.py:78]  0: 13086645
I0711 07:30:47.706438 46951005798016 build_coordinates.py:78]  5: 98
I0711 07:30:47.706596 46951005798016 build_coordinates.py:78]  6: 25374
I0711 07:30:47.706754 46951005798016 build_coordinates.py:78]  7: 100506
I0711 07:30:47.706905 46951005798016 build_coordinates.py:78]  8: 388394
I0711 07:30:47.707137 46951005798016 build_coordinates.py:78]  9: 993072
I0711 07:30:47.707309 46951005798016 build_coordinates.py:78]  10: 1851281
I0711 07:30:47.707525 46951005798016 build_coordinates.py:78]  11: 2931259
I0711 07:30:47.707730 46951005798016 build_coordinates.py:78]  12: 5237632
I0711 07:30:47.707968 46951005798016 build_coordinates.py:78]  13: 67731147
I0711 07:30:47.708121 46951005798016 build_coordinates.py:80] Resampling and shuffling coordinates.
I0711 07:40:37.568348 46951005798016 build_coordinates.py:88] Saving coordinates.
I0711 12:36:15.731992 47747744468608 build_coordinates.py:76] Partition counts:
I0711 12:36:16.016239 47747744468608 build_coordinates.py:78]  0: 41850101
I0711 12:36:17.910429 47747744468608 build_coordinates.py:78]  2: 10
I0711 12:36:17.913156 47747744468608 build_coordinates.py:78]  3: 16
I0711 12:36:17.914713 47747744468608 build_coordinates.py:78]  4: 27
I0711 12:36:17.915467 47747744468608 build_coordinates.py:78]  5: 183
I0711 12:36:17.916121 47747744468608 build_coordinates.py:78]  6: 16059
I0711 12:36:17.916785 47747744468608 build_coordinates.py:78]  7: 78978
I0711 12:36:17.917435 47747744468608 build_coordinates.py:78]  8: 433331
I0711 12:36:17.917810 47747744468608 build_coordinates.py:78]  9: 1497076
I0711 12:36:17.918157 47747744468608 build_coordinates.py:78]  10: 2217191
I0711 12:36:17.918452 47747744468608 build_coordinates.py:78]  11: 2768384
I0711 12:36:17.918744 47747744468608 build_coordinates.py:78]  12: 4008618
I0711 12:36:17.919063 47747744468608 build_coordinates.py:78]  13: 39475434
I0711 12:36:17.919397 47747744468608 build_coordinates.py:80] Resampling and shuffling coordinates.
I0711 12:44:16.872161 47747744468608 build_coordinates.py:88] Saving coordinates.
I0711 16:43:46.382976 47707035897472 build_coordinates.py:76] Partition counts:
I0711 16:43:50.073243 47707035897472 build_coordinates.py:78]  0: 5867155
I0711 16:43:50.088026 47707035897472 build_coordinates.py:78]  6: 326
I0711 16:43:50.089277 47707035897472 build_coordinates.py:78]  7: 22423
I0711 16:43:50.090389 47707035897472 build_coordinates.py:78]  8: 130235
I0711 16:43:50.091221 47707035897472 build_coordinates.py:78]  9: 464511
I0711 16:43:50.091740 47707035897472 build_coordinates.py:78]  10: 1160383
I0711 16:43:50.093162 47707035897472 build_coordinates.py:78]  11: 2212810
I0711 16:43:50.093691 47707035897472 build_coordinates.py:78]  12: 4298858
I0711 16:43:50.094042 47707035897472 build_coordinates.py:78]  13: 78188707
I0711 16:43:50.094351 47707035897472 build_coordinates.py:80] Resampling and shuffling coordinates.
I0711 16:54:09.179809 47707035897472 build_coordinates.py:88] Saving coordinates.
I0711 21:57:19.706094 47490849246848 build_coordinates.py:76] Partition counts:
I0711 21:57:19.706720 47490849246848 build_coordinates.py:78]  0: 2541671
I0711 21:57:19.706964 47490849246848 build_coordinates.py:78]  4: 105
I0711 21:57:19.707239 47490849246848 build_coordinates.py:78]  5: 3958
I0711 21:57:19.707475 47490849246848 build_coordinates.py:78]  6: 4896
I0711 21:57:19.707680 47490849246848 build_coordinates.py:78]  7: 10837
I0711 21:57:19.707836 47490849246848 build_coordinates.py:78]  8: 47953
I0711 21:57:19.708038 47490849246848 build_coordinates.py:78]  9: 343404
I0711 21:57:19.708190 47490849246848 build_coordinates.py:78]  10: 833015
I0711 21:57:19.708405 47490849246848 build_coordinates.py:78]  11: 1218480
I0711 21:57:19.708618 47490849246848 build_coordinates.py:78]  12: 1790592
I0711 21:57:19.708835 47490849246848 build_coordinates.py:78]  13: 85550497
I0711 21:57:19.709052 47490849246848 build_coordinates.py:80] Resampling and shuffling coordinates.
I0711 22:11:59.052266 47490849246848 build_coordinates.py:88] Saving coordinates.
I0712 05:28:50.583358 47159630229120 build_coordinates.py:76] Partition counts:
I0712 05:28:50.587541 47159630229120 build_coordinates.py:78]  0: 3429079
I0712 05:28:50.587819 47159630229120 build_coordinates.py:78]  6: 99
I0712 05:28:50.587979 47159630229120 build_coordinates.py:78]  7: 6561
I0712 05:28:50.588126 47159630229120 build_coordinates.py:78]  8: 61054
I0712 05:28:50.588347 47159630229120 build_coordinates.py:78]  9: 382542
I0712 05:28:50.588565 47159630229120 build_coordinates.py:78]  10: 724209
I0712 05:28:50.588713 47159630229120 build_coordinates.py:78]  11: 1125614
I0712 05:28:50.588864 47159630229120 build_coordinates.py:78]  12: 2014523
I0712 05:28:50.589010 47159630229120 build_coordinates.py:78]  13: 84601727
I0712 05:28:50.589210 47159630229120 build_coordinates.py:80] Resampling and shuffling coordinates.
I0712 05:39:47.281543 47159630229120 build_coordinates.py:88] Saving coordinates.
I0712 11:15:18.952710 47686579056256 build_coordinates.py:76] Partition counts:
I0712 11:15:18.957519 47686579056256 build_coordinates.py:78]  0: 3598784
I0712 11:15:18.957749 47686579056256 build_coordinates.py:78]  5: 1834
I0712 11:15:18.957938 47686579056256 build_coordinates.py:78]  6: 7283
I0712 11:15:18.958136 47686579056256 build_coordinates.py:78]  7: 26937
I0712 11:15:18.958334 47686579056256 build_coordinates.py:78]  8: 104048
I0712 11:15:18.958481 47686579056256 build_coordinates.py:78]  9: 265173
I0712 11:15:18.958865 47686579056256 build_coordinates.py:78]  10: 520853
I0712 11:15:18.959045 47686579056256 build_coordinates.py:78]  11: 1294977
I0712 11:15:18.959228 47686579056256 build_coordinates.py:78]  12: 4076079
I0712 11:15:18.959462 47686579056256 build_coordinates.py:78]  13: 82449440
I0712 11:15:18.959617 47686579056256 build_coordinates.py:80] Resampling and shuffling coordinates.
I0712 11:27:15.731905 47686579056256 build_coordinates.py:88] Saving coordinates.
I0712 17:33:58.117268 47640572481152 build_coordinates.py:76] Partition counts:
I0712 17:33:58.868741 47640572481152 build_coordinates.py:78]  0: 907295
I0712 17:33:58.869210 47640572481152 build_coordinates.py:78]  6: 91
I0712 17:33:58.869513 47640572481152 build_coordinates.py:78]  7: 472
I0712 17:33:58.869793 47640572481152 build_coordinates.py:78]  8: 3238
I0712 17:33:58.870062 47640572481152 build_coordinates.py:78]  9: 32865
I0712 17:33:58.870353 47640572481152 build_coordinates.py:78]  10: 126141
I0712 17:33:58.870604 47640572481152 build_coordinates.py:78]  11: 496124
I0712 17:33:58.870850 47640572481152 build_coordinates.py:78]  12: 1713744
I0712 17:33:58.871088 47640572481152 build_coordinates.py:78]  13: 89065438
I0712 17:33:58.871326 47640572481152 build_coordinates.py:80] Resampling and shuffling coordinates.
I0712 17:45:40.611701 47640572481152 build_coordinates.py:88] Saving coordinates.
