Loading module for Anaconda
Anaconda 4.4.0 is now loaded
Loading module for GNU compilers
GNU 6.4.0 is now loaded
I0708 11:45:30.382824 47275547176576 build_coordinates.py:76] Partition counts:
I0708 11:45:30.383431 47275547176576 build_coordinates.py:78]  0: 682988
I0708 11:45:30.383660 47275547176576 build_coordinates.py:78]  9: 4649
I0708 11:45:30.383867 47275547176576 build_coordinates.py:78]  10: 116558
I0708 11:45:30.384049 47275547176576 build_coordinates.py:78]  11: 450410
I0708 11:45:30.384226 47275547176576 build_coordinates.py:78]  12: 1337188
I0708 11:45:30.384394 47275547176576 build_coordinates.py:78]  13: 89753615
I0708 11:45:30.384569 47275547176576 build_coordinates.py:80] Resampling and shuffling coordinates.
I0708 11:53:30.650593 47275547176576 build_coordinates.py:88] Saving coordinates.
I0708 16:02:05.742425 47292855189120 build_coordinates.py:76] Partition counts:
I0708 16:02:05.743582 47292855189120 build_coordinates.py:78]  0: 477633
I0708 16:02:05.744062 47292855189120 build_coordinates.py:78]  8: 338
I0708 16:02:05.744581 47292855189120 build_coordinates.py:78]  9: 7001
I0708 16:02:05.745067 47292855189120 build_coordinates.py:78]  10: 68325
I0708 16:02:05.745489 47292855189120 build_coordinates.py:78]  11: 309933
I0708 16:02:05.746053 47292855189120 build_coordinates.py:78]  12: 898312
I0708 16:02:05.746467 47292855189120 build_coordinates.py:78]  13: 90583866
I0708 16:02:05.746916 47292855189120 build_coordinates.py:80] Resampling and shuffling coordinates.
I0708 16:11:19.234008 47292855189120 build_coordinates.py:88] Saving coordinates.
I0708 20:52:49.186045 47977068162688 build_coordinates.py:76] Partition counts:
I0708 20:52:49.192575 47977068162688 build_coordinates.py:78]  13: 92345408
I0708 20:52:49.193108 47977068162688 build_coordinates.py:80] Resampling and shuffling coordinates.
I0708 20:54:37.544811 47977068162688 build_coordinates.py:88] Saving coordinates.
I0708 21:37:06.228547 46961828339328 build_coordinates.py:76] Partition counts:
I0708 21:37:06.229514 46961828339328 build_coordinates.py:78]  13: 92345408
I0708 21:37:06.229873 46961828339328 build_coordinates.py:80] Resampling and shuffling coordinates.
I0708 21:38:53.917521 46961828339328 build_coordinates.py:88] Saving coordinates.
I0708 22:19:34.040494 47806158098048 build_coordinates.py:76] Partition counts:
I0708 22:19:34.502274 47806158098048 build_coordinates.py:78]  0: 4291661
I0708 22:19:34.502633 47806158098048 build_coordinates.py:78]  5: 1
I0708 22:19:34.502946 47806158098048 build_coordinates.py:78]  6: 854
I0708 22:19:34.503208 47806158098048 build_coordinates.py:78]  7: 5771
I0708 22:19:34.503497 47806158098048 build_coordinates.py:78]  8: 29813
I0708 22:19:34.503759 47806158098048 build_coordinates.py:78]  9: 154331
I0708 22:19:34.504113 47806158098048 build_coordinates.py:78]  10: 698276
I0708 22:19:34.504451 47806158098048 build_coordinates.py:78]  11: 2516428
I0708 22:19:34.504792 47806158098048 build_coordinates.py:78]  12: 7257350
I0708 22:19:34.505146 47806158098048 build_coordinates.py:78]  13: 77390923
I0708 22:19:34.505460 47806158098048 build_coordinates.py:80] Resampling and shuffling coordinates.
I0708 22:30:53.339536 47806158098048 build_coordinates.py:88] Saving coordinates.
I0709 04:14:31.209841 47986664459904 build_coordinates.py:76] Partition counts:
I0709 04:14:31.544300 47986664459904 build_coordinates.py:78]  0: 9177138
I0709 04:14:31.544649 47986664459904 build_coordinates.py:78]  5: 11
I0709 04:14:31.544931 47986664459904 build_coordinates.py:78]  6: 6203
I0709 04:14:31.545216 47986664459904 build_coordinates.py:78]  7: 51699
I0709 04:14:31.545494 47986664459904 build_coordinates.py:78]  8: 240494
I0709 04:14:31.545824 47986664459904 build_coordinates.py:78]  9: 859060
I0709 04:14:31.546106 47986664459904 build_coordinates.py:78]  10: 2009299
I0709 04:14:31.546418 47986664459904 build_coordinates.py:78]  11: 4290522
I0709 04:14:31.546686 47986664459904 build_coordinates.py:78]  12: 10409381
I0709 04:14:31.546975 47986664459904 build_coordinates.py:78]  13: 65301601
I0709 04:14:31.547285 47986664459904 build_coordinates.py:80] Resampling and shuffling coordinates.
I0709 04:24:11.585070 47986664459904 build_coordinates.py:88] Saving coordinates.
I0709 09:10:09.378050 47968832093824 build_coordinates.py:76] Partition counts:
I0709 09:10:09.378698 47968832093824 build_coordinates.py:78]  0: 2444629
I0709 09:10:09.379058 47968832093824 build_coordinates.py:78]  7: 1
I0709 09:10:09.379366 47968832093824 build_coordinates.py:78]  8: 3934
I0709 09:10:09.379609 47968832093824 build_coordinates.py:78]  9: 92563
I0709 09:10:09.379846 47968832093824 build_coordinates.py:78]  10: 534049
I0709 09:10:09.380037 47968832093824 build_coordinates.py:78]  11: 1349611
I0709 09:10:09.380217 47968832093824 build_coordinates.py:78]  12: 4035797
I0709 09:10:09.380452 47968832093824 build_coordinates.py:78]  13: 83884824
I0709 09:10:09.380661 47968832093824 build_coordinates.py:80] Resampling and shuffling coordinates.
I0709 09:19:59.739139 47968832093824 build_coordinates.py:88] Saving coordinates.
I0709 14:14:49.371174 47650194554496 build_coordinates.py:76] Partition counts:
I0709 14:14:49.390200 47650194554496 build_coordinates.py:78]  0: 3994892
I0709 14:14:49.390498 47650194554496 build_coordinates.py:78]  5: 32
I0709 14:14:49.390716 47650194554496 build_coordinates.py:78]  6: 1591
I0709 14:14:49.391068 47650194554496 build_coordinates.py:78]  7: 13947
I0709 14:14:49.391350 47650194554496 build_coordinates.py:78]  8: 78138
I0709 14:14:49.391670 47650194554496 build_coordinates.py:78]  9: 311307
I0709 14:14:49.391852 47650194554496 build_coordinates.py:78]  10: 948464
I0709 14:14:49.392056 47650194554496 build_coordinates.py:78]  11: 2144349
I0709 14:14:49.392216 47650194554496 build_coordinates.py:78]  12: 5078065
I0709 14:14:49.392414 47650194554496 build_coordinates.py:78]  13: 79774623
I0709 14:14:49.392589 47650194554496 build_coordinates.py:80] Resampling and shuffling coordinates.
I0709 14:26:20.365257 47650194554496 build_coordinates.py:88] Saving coordinates.
I0709 20:13:44.263509 47890080861824 build_coordinates.py:76] Partition counts:
I0709 20:13:44.264870 47890080861824 build_coordinates.py:78]  0: 7228421
I0709 20:13:44.265242 47890080861824 build_coordinates.py:78]  2: 6
I0709 20:13:44.265594 47890080861824 build_coordinates.py:78]  3: 97
I0709 20:13:44.265910 47890080861824 build_coordinates.py:78]  4: 153
I0709 20:13:44.266203 47890080861824 build_coordinates.py:78]  5: 1094
I0709 20:13:44.266519 47890080861824 build_coordinates.py:78]  6: 9353
I0709 20:13:44.266820 47890080861824 build_coordinates.py:78]  7: 57265
I0709 20:13:44.267096 47890080861824 build_coordinates.py:78]  8: 236450
I0709 20:13:44.267372 47890080861824 build_coordinates.py:78]  9: 771333
I0709 20:13:44.267667 47890080861824 build_coordinates.py:78]  10: 1771095
I0709 20:13:44.267937 47890080861824 build_coordinates.py:78]  11: 3624072
I0709 20:13:44.268289 47890080861824 build_coordinates.py:78]  12: 7681234
I0709 20:13:44.268653 47890080861824 build_coordinates.py:78]  13: 70964835
I0709 20:13:44.269026 47890080861824 build_coordinates.py:80] Resampling and shuffling coordinates.
I0709 20:27:00.002619 47890080861824 build_coordinates.py:88] Saving coordinates.
I0710 03:05:27.913559 47576590241408 build_coordinates.py:76] Partition counts:
I0710 03:05:27.923951 47576590241408 build_coordinates.py:78]  0: 1084227
I0710 03:05:27.924273 47576590241408 build_coordinates.py:78]  8: 229
I0710 03:05:27.924535 47576590241408 build_coordinates.py:78]  9: 14264
I0710 03:05:27.924764 47576590241408 build_coordinates.py:78]  10: 82822
I0710 03:05:27.924971 47576590241408 build_coordinates.py:78]  11: 435222
I0710 03:05:27.925169 47576590241408 build_coordinates.py:78]  12: 2200707
I0710 03:05:27.925385 47576590241408 build_coordinates.py:78]  13: 88527937
I0710 03:05:27.925621 47576590241408 build_coordinates.py:80] Resampling and shuffling coordinates.
I0710 03:14:31.078100 47576590241408 build_coordinates.py:88] Saving coordinates.
I0710 07:36:11.625694 47379923521152 build_coordinates.py:76] Partition counts:
I0710 07:36:11.637183 47379923521152 build_coordinates.py:78]  0: 1007801
I0710 07:36:11.637542 47379923521152 build_coordinates.py:78]  7: 881
I0710 07:36:11.637747 47379923521152 build_coordinates.py:78]  8: 17700
I0710 07:36:11.637975 47379923521152 build_coordinates.py:78]  9: 98427
I0710 07:36:11.638191 47379923521152 build_coordinates.py:78]  10: 279468
I0710 07:36:11.638380 47379923521152 build_coordinates.py:78]  11: 526803
I0710 07:36:11.638601 47379923521152 build_coordinates.py:78]  12: 952636
I0710 07:36:11.638892 47379923521152 build_coordinates.py:78]  13: 89461692
I0710 07:36:11.639138 47379923521152 build_coordinates.py:80] Resampling and shuffling coordinates.
I0710 07:46:34.340380 47379923521152 build_coordinates.py:88] Saving coordinates.
I0710 12:49:02.277391 47313920142976 build_coordinates.py:76] Partition counts:
I0710 12:49:02.287145 47313920142976 build_coordinates.py:78]  0: 14
I0710 12:49:02.287412 47313920142976 build_coordinates.py:78]  10: 609
I0710 12:49:02.287622 47313920142976 build_coordinates.py:78]  11: 4603
I0710 12:49:02.287822 47313920142976 build_coordinates.py:78]  12: 14877
I0710 12:49:02.288015 47313920142976 build_coordinates.py:78]  13: 92325305
I0710 12:49:02.288202 47313920142976 build_coordinates.py:80] Resampling and shuffling coordinates.
I0710 12:55:54.986616 47313920142976 build_coordinates.py:88] Saving coordinates.
I0710 16:12:10.344472 47788060135040 build_coordinates.py:76] Partition counts:
I0710 16:12:10.345344 47788060135040 build_coordinates.py:78]  0: 4713924
I0710 16:12:10.345639 47788060135040 build_coordinates.py:78]  1: 15
I0710 16:12:10.345927 47788060135040 build_coordinates.py:78]  2: 52
I0710 16:12:10.346171 47788060135040 build_coordinates.py:78]  3: 91
I0710 16:12:10.346401 47788060135040 build_coordinates.py:78]  4: 67
I0710 16:12:10.346615 47788060135040 build_coordinates.py:78]  5: 3755
I0710 16:12:10.346927 47788060135040 build_coordinates.py:78]  6: 18290
I0710 16:12:10.347131 47788060135040 build_coordinates.py:78]  7: 34990
I0710 16:12:10.347392 47788060135040 build_coordinates.py:78]  8: 102957
I0710 16:12:10.347646 47788060135040 build_coordinates.py:78]  9: 379599
I0710 16:12:10.347867 47788060135040 build_coordinates.py:78]  10: 1026638
I0710 16:12:10.348109 47788060135040 build_coordinates.py:78]  11: 2140644
I0710 16:12:10.348329 47788060135040 build_coordinates.py:78]  12: 6590989
I0710 16:12:10.348539 47788060135040 build_coordinates.py:78]  13: 77333397
I0710 16:12:10.348813 47788060135040 build_coordinates.py:80] Resampling and shuffling coordinates.
I0710 16:27:34.653709 47788060135040 build_coordinates.py:88] Saving coordinates.
I0711 00:12:57.252419 47528637628032 build_coordinates.py:76] Partition counts:
I0711 00:12:57.259784 47528637628032 build_coordinates.py:78]  0: 10882213
I0711 00:12:57.260028 47528637628032 build_coordinates.py:78]  1: 20
I0711 00:12:57.260239 47528637628032 build_coordinates.py:78]  2: 23
I0711 00:12:57.260422 47528637628032 build_coordinates.py:78]  3: 3
I0711 00:12:57.260621 47528637628032 build_coordinates.py:78]  4: 356
I0711 00:12:57.260783 47528637628032 build_coordinates.py:78]  5: 16507
I0711 00:12:57.260988 47528637628032 build_coordinates.py:78]  6: 28184
I0711 00:12:57.261173 47528637628032 build_coordinates.py:78]  7: 93090
I0711 00:12:57.261361 47528637628032 build_coordinates.py:78]  8: 356780
I0711 00:12:57.261555 47528637628032 build_coordinates.py:78]  9: 1100548
I0711 00:12:57.261729 47528637628032 build_coordinates.py:78]  10: 2262698
I0711 00:12:57.261913 47528637628032 build_coordinates.py:78]  11: 4835134
I0711 00:12:57.262087 47528637628032 build_coordinates.py:78]  12: 13059643
I0711 00:12:57.262283 47528637628032 build_coordinates.py:78]  13: 59710209
I0711 00:12:57.262482 47528637628032 build_coordinates.py:80] Resampling and shuffling coordinates.
I0711 00:24:59.531296 47528637628032 build_coordinates.py:88] Saving coordinates.
I0711 06:03:56.764680 47933733797504 build_coordinates.py:76] Partition counts:
I0711 06:03:56.765177 47933733797504 build_coordinates.py:78]  0: 14139922
I0711 06:03:56.765381 47933733797504 build_coordinates.py:78]  5: 30
I0711 06:03:56.765574 47933733797504 build_coordinates.py:78]  6: 305
I0711 06:03:56.765754 47933733797504 build_coordinates.py:78]  7: 15381
I0711 06:03:56.765914 47933733797504 build_coordinates.py:78]  8: 156177
I0711 06:03:56.766073 47933733797504 build_coordinates.py:78]  9: 666118
I0711 06:03:56.766235 47933733797504 build_coordinates.py:78]  10: 1395962
I0711 06:03:56.766391 47933733797504 build_coordinates.py:78]  11: 2671552
I0711 06:03:56.766547 47933733797504 build_coordinates.py:78]  12: 5976393
I0711 06:03:56.766710 47933733797504 build_coordinates.py:78]  13: 67323568
I0711 06:03:56.766859 47933733797504 build_coordinates.py:80] Resampling and shuffling coordinates.
I0711 06:13:45.234055 47933733797504 build_coordinates.py:88] Saving coordinates.
I0711 11:08:13.841949 47012433436288 build_coordinates.py:76] Partition counts:
I0711 11:08:13.853835 47012433436288 build_coordinates.py:78]  0: 7164016
I0711 11:08:13.854098 47012433436288 build_coordinates.py:78]  5: 423
I0711 11:08:13.854302 47012433436288 build_coordinates.py:78]  6: 5647
I0711 11:08:13.854508 47012433436288 build_coordinates.py:78]  7: 43749
I0711 11:08:13.854713 47012433436288 build_coordinates.py:78]  8: 247182
I0711 11:08:13.854905 47012433436288 build_coordinates.py:78]  9: 998423
I0711 11:08:13.855069 47012433436288 build_coordinates.py:78]  10: 1904876
I0711 11:08:13.855257 47012433436288 build_coordinates.py:78]  11: 3117375
I0711 11:08:13.855444 47012433436288 build_coordinates.py:78]  12: 4811568
I0711 11:08:13.855646 47012433436288 build_coordinates.py:78]  13: 74052149
I0711 11:08:13.855822 47012433436288 build_coordinates.py:80] Resampling and shuffling coordinates.
I0711 11:18:55.413011 47012433436288 build_coordinates.py:88] Saving coordinates.
I0711 16:51:53.047984 47026011741824 build_coordinates.py:76] Partition counts:
I0711 16:51:53.321650 47026011741824 build_coordinates.py:78]  0: 7238685
I0711 16:51:53.321927 47026011741824 build_coordinates.py:78]  1: 332
I0711 16:51:53.322145 47026011741824 build_coordinates.py:78]  2: 216
I0711 16:51:53.322354 47026011741824 build_coordinates.py:78]  3: 207
I0711 16:51:53.322548 47026011741824 build_coordinates.py:78]  4: 328
I0711 16:51:53.322722 47026011741824 build_coordinates.py:78]  5: 7088
I0711 16:51:53.322891 47026011741824 build_coordinates.py:78]  6: 27286
I0711 16:51:53.323062 47026011741824 build_coordinates.py:78]  7: 148628
I0711 16:51:53.323245 47026011741824 build_coordinates.py:78]  8: 394430
I0711 16:51:53.323463 47026011741824 build_coordinates.py:78]  9: 739928
I0711 16:51:53.323640 47026011741824 build_coordinates.py:78]  10: 1338330
I0711 16:51:53.323810 47026011741824 build_coordinates.py:78]  11: 2237590
I0711 16:51:53.323970 47026011741824 build_coordinates.py:78]  12: 4960610
I0711 16:51:53.324136 47026011741824 build_coordinates.py:78]  13: 75251750
I0711 16:51:53.324323 47026011741824 build_coordinates.py:80] Resampling and shuffling coordinates.
I0711 17:06:48.774872 47026011741824 build_coordinates.py:88] Saving coordinates.
I0712 01:01:48.417835 47490453020288 build_coordinates.py:76] Partition counts:
I0712 01:01:48.423233 47490453020288 build_coordinates.py:78]  0: 8504263
I0712 01:01:48.423549 47490453020288 build_coordinates.py:78]  1: 36
I0712 01:01:48.423798 47490453020288 build_coordinates.py:78]  2: 543
I0712 01:01:48.424051 47490453020288 build_coordinates.py:78]  3: 483
I0712 01:01:48.424299 47490453020288 build_coordinates.py:78]  4: 845
I0712 01:01:48.424546 47490453020288 build_coordinates.py:78]  5: 4199
I0712 01:01:48.424830 47490453020288 build_coordinates.py:78]  6: 24140
I0712 01:01:48.425047 47490453020288 build_coordinates.py:78]  7: 87953
I0712 01:01:48.425243 47490453020288 build_coordinates.py:78]  8: 347141
I0712 01:01:48.425485 47490453020288 build_coordinates.py:78]  9: 977476
I0712 01:01:48.425673 47490453020288 build_coordinates.py:78]  10: 1604174
I0712 01:01:48.425895 47490453020288 build_coordinates.py:78]  11: 2274233
I0712 01:01:48.426101 47490453020288 build_coordinates.py:78]  12: 4442624
I0712 01:01:48.426374 47490453020288 build_coordinates.py:78]  13: 74077298
I0712 01:01:48.426600 47490453020288 build_coordinates.py:80] Resampling and shuffling coordinates.
I0712 01:16:34.760353 47490453020288 build_coordinates.py:88] Saving coordinates.
I0712 08:56:52.392948 47225023856256 build_coordinates.py:76] Partition counts:
I0712 08:56:52.393894 47225023856256 build_coordinates.py:78]  0: 1928583
I0712 08:56:52.394221 47225023856256 build_coordinates.py:78]  5: 2288
I0712 08:56:52.394515 47225023856256 build_coordinates.py:78]  6: 9591
I0712 08:56:52.394769 47225023856256 build_coordinates.py:78]  7: 10709
I0712 08:56:52.395022 47225023856256 build_coordinates.py:78]  8: 34806
I0712 08:56:52.395283 47225023856256 build_coordinates.py:78]  9: 197560
I0712 08:56:52.395567 47225023856256 build_coordinates.py:78]  10: 396775
I0712 08:56:52.395844 47225023856256 build_coordinates.py:78]  11: 926755
I0712 08:56:52.396108 47225023856256 build_coordinates.py:78]  12: 2883821
I0712 08:56:52.396467 47225023856256 build_coordinates.py:78]  13: 85954520
I0712 08:56:52.396700 47225023856256 build_coordinates.py:80] Resampling and shuffling coordinates.
I0712 09:09:09.383284 47225023856256 build_coordinates.py:88] Saving coordinates.
I0712 15:39:20.702747 47508325428864 build_coordinates.py:76] Partition counts:
I0712 15:39:20.703297 47508325428864 build_coordinates.py:78]  0: 647691
I0712 15:39:20.703537 47508325428864 build_coordinates.py:78]  7: 7
I0712 15:39:20.703728 47508325428864 build_coordinates.py:78]  8: 7742
I0712 15:39:20.703897 47508325428864 build_coordinates.py:78]  9: 87541
I0712 15:39:20.704061 47508325428864 build_coordinates.py:78]  10: 205953
I0712 15:39:20.704244 47508325428864 build_coordinates.py:78]  11: 332453
I0712 15:39:20.704451 47508325428864 build_coordinates.py:78]  12: 674108
I0712 15:39:20.704606 47508325428864 build_coordinates.py:78]  13: 90389913
I0712 15:39:20.704773 47508325428864 build_coordinates.py:80] Resampling and shuffling coordinates.
I0712 15:49:47.430959 47508325428864 build_coordinates.py:88] Saving coordinates.
I0712 21:09:24.431436 47930872159872 build_coordinates.py:76] Partition counts:
I0712 21:09:24.432333 47930872159872 build_coordinates.py:78]  0: 4426970
I0712 21:09:24.432694 47930872159872 build_coordinates.py:78]  6: 1236
I0712 21:09:24.432965 47930872159872 build_coordinates.py:78]  7: 16129
I0712 21:09:24.433266 47930872159872 build_coordinates.py:78]  8: 63250
I0712 21:09:24.433453 47930872159872 build_coordinates.py:78]  9: 205981
I0712 21:09:24.433620 47930872159872 build_coordinates.py:78]  10: 641766
I0712 21:09:24.433813 47930872159872 build_coordinates.py:78]  11: 2192737
I0712 21:09:24.434067 47930872159872 build_coordinates.py:78]  12: 7786625
I0712 21:09:24.434254 47930872159872 build_coordinates.py:78]  13: 77010714
I0712 21:09:24.434443 47930872159872 build_coordinates.py:80] Resampling and shuffling coordinates.
I0712 21:19:25.107316 47930872159872 build_coordinates.py:88] Saving coordinates.
I0713 02:28:52.268409 47762270469760 build_coordinates.py:76] Partition counts:
I0713 02:28:52.270071 47762270469760 build_coordinates.py:78]  0: 20299573
I0713 02:28:52.270968 47762270469760 build_coordinates.py:78]  1: 19
I0713 02:28:52.271495 47762270469760 build_coordinates.py:78]  2: 60
I0713 02:28:52.271722 47762270469760 build_coordinates.py:78]  3: 194
I0713 02:28:52.272066 47762270469760 build_coordinates.py:78]  4: 190
I0713 02:28:52.272276 47762270469760 build_coordinates.py:78]  5: 5887
I0713 02:28:52.272473 47762270469760 build_coordinates.py:78]  6: 42877
I0713 02:28:52.272693 47762270469760 build_coordinates.py:78]  7: 151665
I0713 02:28:52.272898 47762270469760 build_coordinates.py:78]  8: 499202
I0713 02:28:52.273131 47762270469760 build_coordinates.py:78]  9: 1210323
I0713 02:28:52.273362 47762270469760 build_coordinates.py:78]  10: 2202952
I0713 02:28:52.273538 47762270469760 build_coordinates.py:78]  11: 4680781
I0713 02:28:52.273739 47762270469760 build_coordinates.py:78]  12: 12970354
I0713 02:28:52.273965 47762270469760 build_coordinates.py:78]  13: 50281331
I0713 02:28:52.274210 47762270469760 build_coordinates.py:80] Resampling and shuffling coordinates.
I0713 02:39:00.271701 47762270469760 build_coordinates.py:88] Saving coordinates.
I0713 07:48:25.700740 47778485816960 build_coordinates.py:76] Partition counts:
I0713 07:48:25.701169 47778485816960 build_coordinates.py:78]  0: 36565443
I0713 07:48:25.701381 47778485816960 build_coordinates.py:78]  5: 231
I0713 07:48:25.701647 47778485816960 build_coordinates.py:78]  6: 14468
I0713 07:48:25.701852 47778485816960 build_coordinates.py:78]  7: 102926
I0713 07:48:25.702026 47778485816960 build_coordinates.py:78]  8: 433272
I0713 07:48:25.702192 47778485816960 build_coordinates.py:78]  9: 1584948
I0713 07:48:25.702378 47778485816960 build_coordinates.py:78]  10: 2457397
I0713 07:48:25.702544 47778485816960 build_coordinates.py:78]  11: 3526155
I0713 07:48:25.702730 47778485816960 build_coordinates.py:78]  12: 6661686
I0713 07:48:25.702888 47778485816960 build_coordinates.py:78]  13: 40998882
I0713 07:48:25.703045 47778485816960 build_coordinates.py:80] Resampling and shuffling coordinates.
I0713 07:54:34.414661 47778485816960 build_coordinates.py:88] Saving coordinates.
I0713 10:48:38.264805 46994592521856 build_coordinates.py:76] Partition counts:
I0713 10:48:38.268891 46994592521856 build_coordinates.py:78]  0: 4475860
I0713 10:48:38.269111 46994592521856 build_coordinates.py:78]  5: 5705
I0713 10:48:38.269283 46994592521856 build_coordinates.py:78]  6: 13547
I0713 10:48:38.269458 46994592521856 build_coordinates.py:78]  7: 56220
I0713 10:48:38.269625 46994592521856 build_coordinates.py:78]  8: 137061
I0713 10:48:38.269798 46994592521856 build_coordinates.py:78]  9: 508171
I0713 10:48:38.269952 46994592521856 build_coordinates.py:78]  10: 1025380
I0713 10:48:38.270111 46994592521856 build_coordinates.py:78]  11: 1661173
I0713 10:48:38.270272 46994592521856 build_coordinates.py:78]  12: 3385455
I0713 10:48:38.270431 46994592521856 build_coordinates.py:78]  13: 81076836
I0713 10:48:38.270593 46994592521856 build_coordinates.py:80] Resampling and shuffling coordinates.
I0713 11:00:20.006262 46994592521856 build_coordinates.py:88] Saving coordinates.
I0713 16:46:48.322586 47133954301568 build_coordinates.py:76] Partition counts:
I0713 16:46:48.327958 47133954301568 build_coordinates.py:78]  0: 1870515
I0713 16:46:48.328320 47133954301568 build_coordinates.py:78]  8: 2337
I0713 16:46:48.328590 47133954301568 build_coordinates.py:78]  9: 27078
I0713 16:46:48.328883 47133954301568 build_coordinates.py:78]  10: 315073
I0713 16:46:48.329117 47133954301568 build_coordinates.py:78]  11: 1335834
I0713 16:46:48.329409 47133954301568 build_coordinates.py:78]  12: 3273350
I0713 16:46:48.329714 47133954301568 build_coordinates.py:78]  13: 85521221
I0713 16:46:48.330019 47133954301568 build_coordinates.py:80] Resampling and shuffling coordinates.
I0713 16:55:23.577749 47133954301568 build_coordinates.py:88] Saving coordinates.
I0713 21:19:48.199062 47643639504512 build_coordinates.py:76] Partition counts:
I0713 21:19:50.341204 47643639504512 build_coordinates.py:78]  0: 290587
I0713 21:19:51.448377 47643639504512 build_coordinates.py:78]  10: 15007
I0713 21:19:51.613626 47643639504512 build_coordinates.py:78]  11: 127327
I0713 21:19:51.621530 47643639504512 build_coordinates.py:78]  12: 543275
I0713 21:19:51.623136 47643639504512 build_coordinates.py:78]  13: 91369212
I0713 21:19:51.623655 47643639504512 build_coordinates.py:80] Resampling and shuffling coordinates.
I0713 21:26:24.935990 47643639504512 build_coordinates.py:88] Saving coordinates.
I0714 00:47:05.015921 47566879276672 build_coordinates.py:76] Partition counts:
I0714 00:47:05.016618 47566879276672 build_coordinates.py:78]  0: 4447693
I0714 00:47:05.016959 47566879276672 build_coordinates.py:78]  5: 544
I0714 00:47:05.017330 47566879276672 build_coordinates.py:78]  6: 11522
I0714 00:47:05.017617 47566879276672 build_coordinates.py:78]  7: 47268
I0714 00:47:05.017898 47566879276672 build_coordinates.py:78]  8: 140776
I0714 00:47:05.018153 47566879276672 build_coordinates.py:78]  9: 490820
I0714 00:47:05.018408 47566879276672 build_coordinates.py:78]  10: 879462
I0714 00:47:05.018738 47566879276672 build_coordinates.py:78]  11: 1488381
I0714 00:47:05.019047 47566879276672 build_coordinates.py:78]  12: 2698088
I0714 00:47:05.019278 47566879276672 build_coordinates.py:78]  13: 82140854
I0714 00:47:05.019524 47566879276672 build_coordinates.py:80] Resampling and shuffling coordinates.
I0714 00:58:51.789532 47566879276672 build_coordinates.py:88] Saving coordinates.
I0714 07:03:35.683389 46980329328256 build_coordinates.py:76] Partition counts:
I0714 07:03:35.688174 46980329328256 build_coordinates.py:78]  0: 524270
I0714 07:03:35.688369 46980329328256 build_coordinates.py:78]  7: 306
I0714 07:03:35.688526 46980329328256 build_coordinates.py:78]  8: 5055
I0714 07:03:35.688689 46980329328256 build_coordinates.py:78]  9: 36326
I0714 07:03:35.688897 46980329328256 build_coordinates.py:78]  10: 110040
I0714 07:03:35.689058 46980329328256 build_coordinates.py:78]  11: 203822
I0714 07:03:35.689216 46980329328256 build_coordinates.py:78]  12: 548860
I0714 07:03:35.689357 46980329328256 build_coordinates.py:78]  13: 90916729
I0714 07:03:35.689517 46980329328256 build_coordinates.py:80] Resampling and shuffling coordinates.
I0714 07:14:16.243530 46980329328256 build_coordinates.py:88] Saving coordinates.
