Loading module for Anaconda
Anaconda 4.4.0 is now loaded
Loading module for GNU compilers
GNU 6.4.0 is now loaded
I0709 13:40:15.172922 47184839208576 build_coordinates.py:76] Partition counts:
I0709 13:40:15.173534 47184839208576 build_coordinates.py:78]  0: 523016
I0709 13:40:15.173756 47184839208576 build_coordinates.py:78]  7: 22
I0709 13:40:15.173941 47184839208576 build_coordinates.py:78]  8: 321
I0709 13:40:15.174136 47184839208576 build_coordinates.py:78]  9: 2200
I0709 13:40:15.174322 47184839208576 build_coordinates.py:78]  10: 16614
I0709 13:40:15.174506 47184839208576 build_coordinates.py:78]  11: 188058
I0709 13:40:15.174679 47184839208576 build_coordinates.py:78]  12: 1155240
I0709 13:40:15.174851 47184839208576 build_coordinates.py:78]  13: 90459937
I0709 13:40:15.175029 47184839208576 build_coordinates.py:80] Resampling and shuffling coordinates.
I0709 13:51:46.651293 47184839208576 build_coordinates.py:88] Saving coordinates.
I0709 18:57:52.678696 47484270648960 build_coordinates.py:76] Partition counts:
I0709 18:57:52.767318 47484270648960 build_coordinates.py:78]  0: 1050652
I0709 18:57:52.767873 47484270648960 build_coordinates.py:78]  6: 226
I0709 18:57:52.768210 47484270648960 build_coordinates.py:78]  7: 4724
I0709 18:57:52.768466 47484270648960 build_coordinates.py:78]  8: 21550
I0709 18:57:52.768826 47484270648960 build_coordinates.py:78]  9: 72630
I0709 18:57:52.769206 47484270648960 build_coordinates.py:78]  10: 205739
I0709 18:57:52.769444 47484270648960 build_coordinates.py:78]  11: 425537
I0709 18:57:52.769709 47484270648960 build_coordinates.py:78]  12: 1019454
I0709 18:57:52.769979 47484270648960 build_coordinates.py:78]  13: 89544896
I0709 18:57:52.770264 47484270648960 build_coordinates.py:80] Resampling and shuffling coordinates.
I0709 19:10:45.588985 47484270648960 build_coordinates.py:88] Saving coordinates.
I0710 01:07:02.593007 47783587307136 build_coordinates.py:76] Partition counts:
I0710 01:07:02.610330 47783587307136 build_coordinates.py:78]  0: 3641577
I0710 01:07:02.610590 47783587307136 build_coordinates.py:78]  6: 228
I0710 01:07:02.610796 47783587307136 build_coordinates.py:78]  7: 4808
I0710 01:07:02.611034 47783587307136 build_coordinates.py:78]  8: 54921
I0710 01:07:02.611256 47783587307136 build_coordinates.py:78]  9: 240079
I0710 01:07:02.611464 47783587307136 build_coordinates.py:78]  10: 489330
I0710 01:07:02.611673 47783587307136 build_coordinates.py:78]  11: 960740
I0710 01:07:02.611885 47783587307136 build_coordinates.py:78]  12: 2580549
I0710 01:07:02.612067 47783587307136 build_coordinates.py:78]  13: 84373176
I0710 01:07:02.612273 47783587307136 build_coordinates.py:80] Resampling and shuffling coordinates.
I0710 01:19:31.990801 47783587307136 build_coordinates.py:88] Saving coordinates.
I0710 06:46:15.139564 47478806802048 build_coordinates.py:76] Partition counts:
I0710 06:46:15.140153 47478806802048 build_coordinates.py:78]  0: 5835840
I0710 06:46:15.140359 47478806802048 build_coordinates.py:78]  6: 88
I0710 06:46:15.140622 47478806802048 build_coordinates.py:78]  7: 6376
I0710 06:46:15.140816 47478806802048 build_coordinates.py:78]  8: 74136
I0710 06:46:15.141008 47478806802048 build_coordinates.py:78]  9: 454810
I0710 06:46:15.141188 47478806802048 build_coordinates.py:78]  10: 1174999
I0710 06:46:15.141371 47478806802048 build_coordinates.py:78]  11: 2201955
I0710 06:46:15.141553 47478806802048 build_coordinates.py:78]  12: 4341442
I0710 06:46:15.141737 47478806802048 build_coordinates.py:78]  13: 78255762
I0710 06:46:15.141916 47478806802048 build_coordinates.py:80] Resampling and shuffling coordinates.
I0710 06:57:40.087341 47478806802048 build_coordinates.py:88] Saving coordinates.
I0710 11:58:48.329924 47763132440192 build_coordinates.py:76] Partition counts:
I0710 11:58:48.336005 47763132440192 build_coordinates.py:78]  0: 3551829
I0710 11:58:48.336222 47763132440192 build_coordinates.py:78]  6: 3
I0710 11:58:48.336439 47763132440192 build_coordinates.py:78]  7: 730
I0710 11:58:48.336679 47763132440192 build_coordinates.py:78]  8: 45879
I0710 11:58:48.337049 47763132440192 build_coordinates.py:78]  9: 199962
I0710 11:58:48.337328 47763132440192 build_coordinates.py:78]  10: 716194
I0710 11:58:48.337551 47763132440192 build_coordinates.py:78]  11: 2287123
I0710 11:58:48.337841 47763132440192 build_coordinates.py:78]  12: 5900765
I0710 11:58:48.338094 47763132440192 build_coordinates.py:78]  13: 79642923
I0710 11:58:48.338311 47763132440192 build_coordinates.py:80] Resampling and shuffling coordinates.
I0710 12:09:19.723092 47763132440192 build_coordinates.py:88] Saving coordinates.
I0710 17:19:11.041528 47085150621312 build_coordinates.py:76] Partition counts:
I0710 17:19:11.104711 47085150621312 build_coordinates.py:78]  0: 44660673
I0710 17:19:11.105119 47085150621312 build_coordinates.py:78]  5: 3750
I0710 17:19:11.105382 47085150621312 build_coordinates.py:78]  6: 21580
I0710 17:19:11.105674 47085150621312 build_coordinates.py:78]  7: 120721
I0710 17:19:11.105921 47085150621312 build_coordinates.py:78]  8: 641629
I0710 17:19:11.106184 47085150621312 build_coordinates.py:78]  9: 1985549
I0710 17:19:11.106445 47085150621312 build_coordinates.py:78]  10: 3012152
I0710 17:19:11.106684 47085150621312 build_coordinates.py:78]  11: 4015668
I0710 17:19:11.106933 47085150621312 build_coordinates.py:78]  12: 6299767
I0710 17:19:11.107175 47085150621312 build_coordinates.py:78]  13: 31583919
I0710 17:19:11.107398 47085150621312 build_coordinates.py:80] Resampling and shuffling coordinates.
I0710 17:25:53.898374 47085150621312 build_coordinates.py:88] Saving coordinates.
I0710 20:47:25.552971 47548447383168 build_coordinates.py:76] Partition counts:
I0710 20:47:25.554371 47548447383168 build_coordinates.py:78]  0: 23892149
I0710 20:47:25.554884 47548447383168 build_coordinates.py:78]  4: 3
I0710 20:47:25.555597 47548447383168 build_coordinates.py:78]  5: 1929
I0710 20:47:25.556027 47548447383168 build_coordinates.py:78]  6: 41238
I0710 20:47:25.556447 47548447383168 build_coordinates.py:78]  7: 145916
I0710 20:47:25.556811 47548447383168 build_coordinates.py:78]  8: 621783
I0710 20:47:25.557221 47548447383168 build_coordinates.py:78]  9: 1621389
I0710 20:47:25.557609 47548447383168 build_coordinates.py:78]  10: 2466010
I0710 20:47:25.558114 47548447383168 build_coordinates.py:78]  11: 3899288
I0710 20:47:25.558739 47548447383168 build_coordinates.py:78]  12: 8329225
I0710 20:47:25.559192 47548447383168 build_coordinates.py:78]  13: 51326478
I0710 20:47:25.559542 47548447383168 build_coordinates.py:80] Resampling and shuffling coordinates.
I0710 20:56:05.196396 47548447383168 build_coordinates.py:88] Saving coordinates.
I0711 00:58:13.262690 47555164946048 build_coordinates.py:76] Partition counts:
I0711 00:58:13.498798 47555164946048 build_coordinates.py:78]  0: 533817
I0711 00:58:13.574531 47555164946048 build_coordinates.py:78]  6: 1
I0711 00:58:13.574968 47555164946048 build_coordinates.py:78]  7: 969
I0711 00:58:13.575367 47555164946048 build_coordinates.py:78]  8: 6272
I0711 00:58:13.575645 47555164946048 build_coordinates.py:78]  9: 33408
I0711 00:58:13.575955 47555164946048 build_coordinates.py:78]  10: 78847
I0711 00:58:13.576280 47555164946048 build_coordinates.py:78]  11: 161200
I0711 00:58:13.576656 47555164946048 build_coordinates.py:78]  12: 633402
I0711 00:58:13.576963 47555164946048 build_coordinates.py:78]  13: 90897492
I0711 00:58:13.577198 47555164946048 build_coordinates.py:80] Resampling and shuffling coordinates.
I0711 01:11:25.480781 47555164946048 build_coordinates.py:88] Saving coordinates.
I0711 06:55:05.978019 47179979517568 build_coordinates.py:76] Partition counts:
I0711 06:55:05.985898 47179979517568 build_coordinates.py:78]  12: 10
I0711 06:55:05.986149 47179979517568 build_coordinates.py:78]  13: 92345398
I0711 06:55:05.986343 47179979517568 build_coordinates.py:80] Resampling and shuffling coordinates.
I0711 06:58:12.161990 47179979517568 build_coordinates.py:88] Saving coordinates.
I0711 08:15:49.490276 47946218188416 build_coordinates.py:76] Partition counts:
I0711 08:15:49.503638 47946218188416 build_coordinates.py:78]  0: 7621034
I0711 08:15:49.503893 47946218188416 build_coordinates.py:78]  6: 185
I0711 08:15:49.504156 47946218188416 build_coordinates.py:78]  7: 24369
I0711 08:15:49.504445 47946218188416 build_coordinates.py:78]  8: 160822
I0711 08:15:49.504706 47946218188416 build_coordinates.py:78]  9: 501876
I0711 08:15:49.504911 47946218188416 build_coordinates.py:78]  10: 875065
I0711 08:15:49.505129 47946218188416 build_coordinates.py:78]  11: 1365965
I0711 08:15:49.505346 47946218188416 build_coordinates.py:78]  12: 2415833
I0711 08:15:49.505571 47946218188416 build_coordinates.py:78]  13: 79380259
I0711 08:15:49.505820 47946218188416 build_coordinates.py:80] Resampling and shuffling coordinates.
I0711 08:27:07.218553 47946218188416 build_coordinates.py:88] Saving coordinates.
I0711 13:44:39.490984 46980975185536 build_coordinates.py:76] Partition counts:
I0711 13:44:39.641785 46980975185536 build_coordinates.py:78]  0: 418285
I0711 13:44:39.675055 46980975185536 build_coordinates.py:78]  7: 294
I0711 13:44:39.715465 46980975185536 build_coordinates.py:78]  8: 7456
I0711 13:44:39.716061 46980975185536 build_coordinates.py:78]  9: 29260
I0711 13:44:39.716683 46980975185536 build_coordinates.py:78]  10: 65828
I0711 13:44:39.716984 46980975185536 build_coordinates.py:78]  11: 175936
I0711 13:44:39.769439 46980975185536 build_coordinates.py:78]  12: 541532
I0711 13:44:39.770104 46980975185536 build_coordinates.py:78]  13: 91106817
I0711 13:44:39.770758 46980975185536 build_coordinates.py:80] Resampling and shuffling coordinates.
I0711 13:55:34.188707 46980975185536 build_coordinates.py:88] Saving coordinates.
I0711 19:16:20.009641 47478401306240 build_coordinates.py:76] Partition counts:
I0711 19:16:20.010262 47478401306240 build_coordinates.py:78]  0: 2962973
I0711 19:16:20.010485 47478401306240 build_coordinates.py:78]  6: 543
I0711 19:16:20.010673 47478401306240 build_coordinates.py:78]  7: 5394
I0711 19:16:20.010880 47478401306240 build_coordinates.py:78]  8: 22291
I0711 19:16:20.011074 47478401306240 build_coordinates.py:78]  9: 145473
I0711 19:16:20.011262 47478401306240 build_coordinates.py:78]  10: 806962
I0711 19:16:20.011450 47478401306240 build_coordinates.py:78]  11: 1854576
I0711 19:16:20.011657 47478401306240 build_coordinates.py:78]  12: 3487019
I0711 19:16:20.011877 47478401306240 build_coordinates.py:78]  13: 83060177
I0711 19:16:20.012070 47478401306240 build_coordinates.py:80] Resampling and shuffling coordinates.
I0711 19:27:13.322862 47478401306240 build_coordinates.py:88] Saving coordinates.
I0712 01:10:04.116135 47579822026368 build_coordinates.py:76] Partition counts:
I0712 01:10:04.137860 47579822026368 build_coordinates.py:78]  0: 3759823
I0712 01:10:04.138127 47579822026368 build_coordinates.py:78]  6: 3
I0712 01:10:04.138320 47579822026368 build_coordinates.py:78]  7: 4573
I0712 01:10:04.138515 47579822026368 build_coordinates.py:78]  8: 45484
I0712 01:10:04.138676 47579822026368 build_coordinates.py:78]  9: 232959
I0712 01:10:04.138844 47579822026368 build_coordinates.py:78]  10: 770110
I0712 01:10:04.139019 47579822026368 build_coordinates.py:78]  11: 2084786
I0712 01:10:04.139174 47579822026368 build_coordinates.py:78]  12: 4986636
I0712 01:10:04.139394 47579822026368 build_coordinates.py:78]  13: 80461034
I0712 01:10:04.139734 47579822026368 build_coordinates.py:80] Resampling and shuffling coordinates.
I0712 01:20:55.726135 47579822026368 build_coordinates.py:88] Saving coordinates.
I0712 06:49:37.304241 47773639523968 build_coordinates.py:76] Partition counts:
I0712 06:49:38.234091 47773639523968 build_coordinates.py:78]  0: 7387437
I0712 06:49:38.234731 47773639523968 build_coordinates.py:78]  5: 470
I0712 06:49:38.235104 47773639523968 build_coordinates.py:78]  6: 7600
I0712 06:49:38.235443 47773639523968 build_coordinates.py:78]  7: 49547
I0712 06:49:38.235738 47773639523968 build_coordinates.py:78]  8: 191496
I0712 06:49:38.236046 47773639523968 build_coordinates.py:78]  9: 593939
I0712 06:49:38.236380 47773639523968 build_coordinates.py:78]  10: 1354411
I0712 06:49:38.236643 47773639523968 build_coordinates.py:78]  11: 3258287
I0712 06:49:38.236928 47773639523968 build_coordinates.py:78]  12: 8574938
I0712 06:49:38.237193 47773639523968 build_coordinates.py:78]  13: 70927283
I0712 06:49:38.237465 47773639523968 build_coordinates.py:80] Resampling and shuffling coordinates.
I0712 07:01:14.098229 47773639523968 build_coordinates.py:88] Saving coordinates.
I0712 12:14:15.733660 47491566268032 build_coordinates.py:76] Partition counts:
I0712 12:14:15.734027 47491566268032 build_coordinates.py:78]  0: 43987595
I0712 12:14:15.734210 47491566268032 build_coordinates.py:78]  1: 7
I0712 12:14:15.734387 47491566268032 build_coordinates.py:78]  2: 1091
I0712 12:14:15.734544 47491566268032 build_coordinates.py:78]  3: 6349
I0712 12:14:15.734699 47491566268032 build_coordinates.py:78]  4: 6194
I0712 12:14:15.734880 47491566268032 build_coordinates.py:78]  5: 75264
I0712 12:14:15.735027 47491566268032 build_coordinates.py:78]  6: 167124
I0712 12:14:15.735182 47491566268032 build_coordinates.py:78]  7: 395664
I0712 12:14:15.735338 47491566268032 build_coordinates.py:78]  8: 1038260
I0712 12:14:15.735542 47491566268032 build_coordinates.py:78]  9: 2120992
I0712 12:14:15.735716 47491566268032 build_coordinates.py:78]  10: 2949114
I0712 12:14:15.735887 47491566268032 build_coordinates.py:78]  11: 4201967
I0712 12:14:15.736041 47491566268032 build_coordinates.py:78]  12: 7786178
I0712 12:14:15.736201 47491566268032 build_coordinates.py:78]  13: 29609609
I0712 12:14:15.736394 47491566268032 build_coordinates.py:80] Resampling and shuffling coordinates.
I0712 12:23:15.375828 47491566268032 build_coordinates.py:88] Saving coordinates.
I0712 17:07:38.189500 47234835926656 build_coordinates.py:76] Partition counts:
I0712 17:07:38.190206 47234835926656 build_coordinates.py:78]  0: 4847214
I0712 17:07:38.190485 47234835926656 build_coordinates.py:78]  5: 11
I0712 17:07:38.190690 47234835926656 build_coordinates.py:78]  6: 2094
I0712 17:07:38.190921 47234835926656 build_coordinates.py:78]  7: 14192
I0712 17:07:38.191215 47234835926656 build_coordinates.py:78]  8: 93833
I0712 17:07:38.191437 47234835926656 build_coordinates.py:78]  9: 302830
I0712 17:07:38.191623 47234835926656 build_coordinates.py:78]  10: 530503
I0712 17:07:38.191824 47234835926656 build_coordinates.py:78]  11: 1034444
I0712 17:07:38.192107 47234835926656 build_coordinates.py:78]  12: 2438340
I0712 17:07:38.192387 47234835926656 build_coordinates.py:78]  13: 83081947
I0712 17:07:38.192609 47234835926656 build_coordinates.py:80] Resampling and shuffling coordinates.
I0712 17:20:01.787425 47234835926656 build_coordinates.py:88] Saving coordinates.
I0712 23:52:30.768075 47646537547392 build_coordinates.py:76] Partition counts:
I0712 23:52:31.214160 47646537547392 build_coordinates.py:78]  13: 92345408
I0712 23:52:31.214488 47646537547392 build_coordinates.py:80] Resampling and shuffling coordinates.
I0712 23:54:19.346640 47646537547392 build_coordinates.py:88] Saving coordinates.
I0713 00:38:10.699753 47337963286144 build_coordinates.py:76] Partition counts:
I0713 00:38:10.700396 47337963286144 build_coordinates.py:78]  0: 224043
I0713 00:38:10.700628 47337963286144 build_coordinates.py:78]  8: 1052
I0713 00:38:10.700821 47337963286144 build_coordinates.py:78]  9: 11035
I0713 00:38:10.701008 47337963286144 build_coordinates.py:78]  10: 24641
I0713 00:38:10.701186 47337963286144 build_coordinates.py:78]  11: 49989
I0713 00:38:10.701352 47337963286144 build_coordinates.py:78]  12: 556040
I0713 00:38:10.701615 47337963286144 build_coordinates.py:78]  13: 91478608
I0713 00:38:10.701837 47337963286144 build_coordinates.py:80] Resampling and shuffling coordinates.
I0713 00:47:40.463705 47337963286144 build_coordinates.py:88] Saving coordinates.
I0713 05:36:16.527908 47983627845248 build_coordinates.py:76] Partition counts:
I0713 05:36:16.528475 47983627845248 build_coordinates.py:78]  0: 517166
I0713 05:36:16.528678 47983627845248 build_coordinates.py:78]  7: 38
I0713 05:36:16.528855 47983627845248 build_coordinates.py:78]  8: 3959
I0713 05:36:16.529020 47983627845248 build_coordinates.py:78]  9: 21715
I0713 05:36:16.529203 47983627845248 build_coordinates.py:78]  10: 47974
I0713 05:36:16.529390 47983627845248 build_coordinates.py:78]  11: 172744
I0713 05:36:16.529540 47983627845248 build_coordinates.py:78]  12: 1005981
I0713 05:36:16.529708 47983627845248 build_coordinates.py:78]  13: 90575831
I0713 05:36:16.529868 47983627845248 build_coordinates.py:80] Resampling and shuffling coordinates.
I0713 05:47:46.290001 47983627845248 build_coordinates.py:88] Saving coordinates.
I0713 10:57:19.266910 47040801828480 build_coordinates.py:76] Partition counts:
I0713 10:57:20.435595 47040801828480 build_coordinates.py:78]  0: 4100926
I0713 10:57:20.735110 47040801828480 build_coordinates.py:78]  5: 588
I0713 10:57:20.736398 47040801828480 build_coordinates.py:78]  6: 5410
I0713 10:57:20.736690 47040801828480 build_coordinates.py:78]  7: 25011
I0713 10:57:20.736934 47040801828480 build_coordinates.py:78]  8: 91348
I0713 10:57:20.737303 47040801828480 build_coordinates.py:78]  9: 336050
I0713 10:57:20.737921 47040801828480 build_coordinates.py:78]  10: 652616
I0713 10:57:20.769922 47040801828480 build_coordinates.py:78]  11: 991157
I0713 10:57:20.770904 47040801828480 build_coordinates.py:78]  12: 1611561
I0713 10:57:20.771171 47040801828480 build_coordinates.py:78]  13: 84530741
I0713 10:57:20.771439 47040801828480 build_coordinates.py:80] Resampling and shuffling coordinates.
I0713 11:10:41.855851 47040801828480 build_coordinates.py:88] Saving coordinates.
I0713 17:26:19.513571 47962470588032 build_coordinates.py:76] Partition counts:
I0713 17:26:19.530327 47962470588032 build_coordinates.py:78]  0: 1698955
I0713 17:26:19.530652 47962470588032 build_coordinates.py:78]  6: 485
I0713 17:26:19.530869 47962470588032 build_coordinates.py:78]  7: 9206
I0713 17:26:19.531077 47962470588032 build_coordinates.py:78]  8: 29878
I0713 17:26:19.531291 47962470588032 build_coordinates.py:78]  9: 90843
I0713 17:26:19.531465 47962470588032 build_coordinates.py:78]  10: 209347
I0713 17:26:19.531631 47962470588032 build_coordinates.py:78]  11: 784044
I0713 17:26:19.531819 47962470588032 build_coordinates.py:78]  12: 2015799
I0713 17:26:19.531991 47962470588032 build_coordinates.py:78]  13: 87506851
I0713 17:26:19.532166 47962470588032 build_coordinates.py:80] Resampling and shuffling coordinates.
I0713 17:37:42.784489 47962470588032 build_coordinates.py:88] Saving coordinates.
I0713 23:28:11.407087 47962397507200 build_coordinates.py:76] Partition counts:
I0713 23:28:11.425416 47962397507200 build_coordinates.py:78]  0: 1608999
I0713 23:28:11.425654 47962397507200 build_coordinates.py:78]  8: 4865
I0713 23:28:11.425848 47962397507200 build_coordinates.py:78]  9: 61838
I0713 23:28:11.426028 47962397507200 build_coordinates.py:78]  10: 260827
I0713 23:28:11.426194 47962397507200 build_coordinates.py:78]  11: 911452
I0713 23:28:11.426389 47962397507200 build_coordinates.py:78]  12: 3051885
I0713 23:28:11.426549 47962397507200 build_coordinates.py:78]  13: 86445542
I0713 23:28:11.426774 47962397507200 build_coordinates.py:80] Resampling and shuffling coordinates.
I0713 23:37:09.626477 47962397507200 build_coordinates.py:88] Saving coordinates.
I0714 04:05:44.195741 47873465499264 build_coordinates.py:76] Partition counts:
I0714 04:05:44.849672 47873465499264 build_coordinates.py:78]  0: 6597186
I0714 04:05:44.850126 47873465499264 build_coordinates.py:78]  5: 129
I0714 04:05:44.850454 47873465499264 build_coordinates.py:78]  6: 2376
I0714 04:05:44.850757 47873465499264 build_coordinates.py:78]  7: 27996
I0714 04:05:44.851061 47873465499264 build_coordinates.py:78]  8: 129892
I0714 04:05:44.851383 47873465499264 build_coordinates.py:78]  9: 482243
I0714 04:05:44.851668 47873465499264 build_coordinates.py:78]  10: 1479080
I0714 04:05:44.851933 47873465499264 build_coordinates.py:78]  11: 3743749
I0714 04:05:44.852261 47873465499264 build_coordinates.py:78]  12: 9414085
I0714 04:05:44.852526 47873465499264 build_coordinates.py:78]  13: 70468672
I0714 04:05:44.852806 47873465499264 build_coordinates.py:80] Resampling and shuffling coordinates.
I0714 04:16:24.486145 47873465499264 build_coordinates.py:88] Saving coordinates.
I0714 09:28:07.038086 47450055040640 build_coordinates.py:76] Partition counts:
I0714 09:28:07.057077 47450055040640 build_coordinates.py:78]  0: 1336273
I0714 09:28:07.057322 47450055040640 build_coordinates.py:78]  8: 2275
I0714 09:28:07.057502 47450055040640 build_coordinates.py:78]  9: 25523
I0714 09:28:07.057673 47450055040640 build_coordinates.py:78]  10: 141702
I0714 09:28:07.057837 47450055040640 build_coordinates.py:78]  11: 650134
I0714 09:28:07.058007 47450055040640 build_coordinates.py:78]  12: 2584738
I0714 09:28:07.058161 47450055040640 build_coordinates.py:78]  13: 87604763
I0714 09:28:07.058329 47450055040640 build_coordinates.py:80] Resampling and shuffling coordinates.
I0714 09:37:19.609896 47450055040640 build_coordinates.py:88] Saving coordinates.
I0714 14:03:20.138287 47132360314496 build_coordinates.py:76] Partition counts:
I0714 14:03:20.156049 47132360314496 build_coordinates.py:78]  13: 92345408
I0714 14:03:20.156394 47132360314496 build_coordinates.py:80] Resampling and shuffling coordinates.
I0714 14:05:06.998161 47132360314496 build_coordinates.py:88] Saving coordinates.
slurmstepd: error: *** JOB 5118947 ON gpu609-09 CANCELLED AT 2019-07-14T14:08:40 ***
